<?xml version="1.0" encoding="UTF-8"?>
<testsuite xmlns:xsi="http://www.w3.org/2001/XMLSchema-instance" xsi:noNamespaceSchemaLocation="https://maven.apache.org/surefire/maven-surefire-plugin/xsd/surefire-test-report-3.0.xsd" version="3.0" name="snake.SnakeTest" time="1.463" tests="11" errors="0" skipped="0" failures="0">
  <properties>
[...]
</properties>
  <testcase name="testGoToOtherSide" classname="snake.SnakeTest" time="1.178"/>
  <testcase name="testDirectionRightLeft" classname="snake.SnakeTest" time="0.016"/>
  <testcase name="testSnakeLength" classname="snake.SnakeTest" time="0.007"/>
  <testcase name="testPlace" classname="snake.SnakeTest" time="0.008"/>
  <testcase name="testMove" classname="snake.SnakeTest" time="0.025"/>
  <testcase name="testPlaceAgain" classname="snake.SnakeTest" time="0.013"/>
  <testcase name="testSnakeDie" classname="snake.SnakeTest" time="0.052"/>
  <testcase name="testDirectionDownUp" classname="snake.SnakeTest" time="0.017"/>
  <testcase name="testDirectionLeftRight" classname="snake.SnakeTest" time="0.045"/>
  <testcase name="testInvalidPlace" classname="snake.SnakeTest" time="0.019"/>
  <testcase name="testDirectionUpDown" classname="snake.SnakeTest" time="0.022"/>
</testsuite>