<?xml version="1.0" encoding="UTF-8" standalone="yes"?><!DOCTYPE report PUBLIC "-//JACOCO//DTD Report 1.1//EN" "report.dtd"><report name="snakegame"><sessioninfo id="lajby-pc-b6c0e1cf" start="1590064457302" dump="1590064462281"/><sessioninfo id="lajby-pc-c90be387" start="1590066271069" dump="1590066277512"/><sessioninfo id="lajby-pc-4d0fac7c" start="1590067073784" dump="1590067078033"/><sessioninfo id="lajby-pc-4390295a" start="1590070807990" dump="1590070812162"/><sessioninfo id="lajby-pc-683c6302" start="1590317940196" dump="1590317944526"/></report>