<?xml version="1.0" encoding="UTF-8" standalone="yes"?><!DOCTYPE report PUBLIC "-//JACOCO//DTD Report 1.1//EN" "report.dtd"><report name="snakegame"><sessioninfo id="lajby-pc-b6c0e1cf" start="1590064457302" dump="1590064462281"/><sessioninfo id="lajby-pc-c90be387" start="1590066271069" dump="1590066277512"/><sessioninfo id="lajby-pc-4d0fac7c" start="1590067073784" dump="1590067078033"/><sessioninfo id="lajby-pc-4390295a" start="1590070807990" dump="1590070812162"/><sessioninfo id="lajby-pc-683c6302" start="1590317940196" dump="1590317944526"/><sessioninfo id="lajby-pc-aa804b91" start="1590318433990" dump="1590318437868"/><sessioninfo id="lajby-pc-f727f95a" start="1590319519453" dump="1590319523662"/><sessioninfo id="lajby-pc-97a462f6" start="1590319601110" dump="1590319606211"/><sessioninfo id="lajby-pc-cb07f12c" start="1590319682057" dump="1590319686038"/></report>