<?xml version="1.0" encoding="UTF-8"?>
<testsuite xmlns:xsi="http://www.w3.org/2001/XMLSchema-instance" xsi:noNamespaceSchemaLocation="https://maven.apache.org/surefire/maven-surefire-plugin/xsd/surefire-test-report-3.0.xsd" version="3.0" name="snake.SnakeTest" time="2.205" tests="11" errors="0" skipped="0" failures="0">
  <properties>
[...]
</properties>
  <testcase name="testGoToOtherSide" classname="snake.SnakeTest" time="1.907"/>
  <testcase name="testDirectionRightLeft" classname="snake.SnakeTest" time="0.033"/>
  <testcase name="testSnakeLength" classname="snake.SnakeTest" time="0.028"/>
  <testcase name="testPlace" classname="snake.SnakeTest" time="0.011"/>
  <testcase name="testMove" classname="snake.SnakeTest" time="0.041"/>
  <testcase name="testPlaceAgain" classname="snake.SnakeTest" time="0.008"/>
  <testcase name="testSnakeDie" classname="snake.SnakeTest" time="0.058"/>
  <testcase name="testDirectionDownUp" classname="snake.SnakeTest" time="0.024"/>
  <testcase name="testDirectionLeftRight" classname="snake.SnakeTest" time="0.021"/>
  <testcase name="testInvalidPlace" classname="snake.SnakeTest" time="0"/>
  <testcase name="testDirectionUpDown" classname="snake.SnakeTest" time="0.017"/>
</testsuite>